INFO  [2020-02-11 17:50:36,120] io.dropwizard.server.DefaultServerFactory: Registering jersey handler with root path prefix: /
INFO  [2020-02-11 17:50:36,123] io.dropwizard.server.DefaultServerFactory: Registering admin handler with root path prefix: /
INFO  [2020-02-11 17:50:36,319] org.ehcache.core.EhcacheManager: Cache 'movieListCache' created in EhcacheManager.
INFO  [2020-02-11 17:50:36,323] org.ehcache.core.EhcacheManager: Cache 'movieDetailsCache' created in EhcacheManager.
INFO  [2020-02-11 17:50:36,379] io.dropwizard.server.ServerFactory: Starting MoviesAPI
INFO  [2020-02-11 17:50:36,476] org.eclipse.jetty.setuid.SetUIDListener: Opened application@2f9a4401{HTTP/1.1,[http/1.1]}{localhost:8080}
INFO  [2020-02-11 17:50:36,476] org.eclipse.jetty.setuid.SetUIDListener: Opened application@22c75c01{SSL,[ssl, http/1.1]}{0.0.0.0:8443}
INFO  [2020-02-11 17:50:36,476] org.eclipse.jetty.setuid.SetUIDListener: Opened admin@46e64760{HTTP/1.1,[http/1.1]}{0.0.0.0:8082}
INFO  [2020-02-11 17:50:36,476] org.eclipse.jetty.setuid.SetUIDListener: Opened admin@3e5fd2b1{SSL,[ssl, http/1.1]}{0.0.0.0:8444}
INFO  [2020-02-11 17:50:36,478] org.eclipse.jetty.server.Server: jetty-9.4.24.v20191120; built: 2019-11-20T21:37:49.771Z; git: 363d5f2df3a8a28de40604320230664b9c793c16; jvm 1.8.0_232-b09
ERROR [2020-02-11 17:50:36,488] io.dropwizard.cli.ServerCommand: Unable to start server, shutting down
! java.lang.IllegalStateException: no valid keystore
! at org.eclipse.jetty.util.security.CertificateUtils.getKeyStore(CertificateUtils.java:50)
! at org.eclipse.jetty.util.ssl.SslContextFactory.loadKeyStore(SslContextFactory.java:1188)
! at org.eclipse.jetty.util.ssl.SslContextFactory.load(SslContextFactory.java:323)
! at org.eclipse.jetty.util.ssl.SslContextFactory.doStart(SslContextFactory.java:245)
! at org.eclipse.jetty.util.component.AbstractLifeCycle.start(AbstractLifeCycle.java:72)
! at org.eclipse.jetty.util.component.ContainerLifeCycle.start(ContainerLifeCycle.java:169)
! at org.eclipse.jetty.server.Server.start(Server.java:407)
! at org.eclipse.jetty.util.component.ContainerLifeCycle.doStart(ContainerLifeCycle.java:117)
! at org.eclipse.jetty.server.handler.AbstractHandler.doStart(AbstractHandler.java:100)
! at org.eclipse.jetty.server.Server.doStart(Server.java:371)
! at org.eclipse.jetty.util.component.AbstractLifeCycle.start(AbstractLifeCycle.java:72)
! at io.dropwizard.cli.ServerCommand.run(ServerCommand.java:53)
! at io.dropwizard.cli.EnvironmentCommand.run(EnvironmentCommand.java:45)
! at io.dropwizard.cli.ConfiguredCommand.run(ConfiguredCommand.java:87)
! at io.dropwizard.cli.Cli.run(Cli.java:79)
! at io.dropwizard.Application.run(Application.java:94)
! at APIApplication.main(APIApplication.java:23)
INFO  [2020-02-11 17:51:45,416] io.dropwizard.server.DefaultServerFactory: Registering jersey handler with root path prefix: /
INFO  [2020-02-11 17:51:45,420] io.dropwizard.server.DefaultServerFactory: Registering admin handler with root path prefix: /
INFO  [2020-02-11 17:51:45,608] org.ehcache.core.EhcacheManager: Cache 'movieListCache' created in EhcacheManager.
INFO  [2020-02-11 17:51:45,612] org.ehcache.core.EhcacheManager: Cache 'movieDetailsCache' created in EhcacheManager.
INFO  [2020-02-11 17:51:45,675] io.dropwizard.server.ServerFactory: Starting MoviesAPI
INFO  [2020-02-11 17:52:13,515] io.dropwizard.server.DefaultServerFactory: Registering jersey handler with root path prefix: /
INFO  [2020-02-11 17:52:13,519] io.dropwizard.server.DefaultServerFactory: Registering admin handler with root path prefix: /
INFO  [2020-02-11 17:52:13,725] org.ehcache.core.EhcacheManager: Cache 'movieListCache' created in EhcacheManager.
INFO  [2020-02-11 17:52:13,729] org.ehcache.core.EhcacheManager: Cache 'movieDetailsCache' created in EhcacheManager.
INFO  [2020-02-11 17:52:13,798] io.dropwizard.server.ServerFactory: Starting MoviesAPI
INFO  [2020-02-11 17:52:53,102] io.dropwizard.server.DefaultServerFactory: Registering jersey handler with root path prefix: /
INFO  [2020-02-11 17:52:53,104] io.dropwizard.server.DefaultServerFactory: Registering admin handler with root path prefix: /
INFO  [2020-02-11 17:52:53,257] org.ehcache.core.EhcacheManager: Cache 'movieListCache' created in EhcacheManager.
INFO  [2020-02-11 17:52:53,259] org.ehcache.core.EhcacheManager: Cache 'movieDetailsCache' created in EhcacheManager.
INFO  [2020-02-11 17:52:53,313] io.dropwizard.server.ServerFactory: Starting MoviesAPI
INFO  [2020-02-11 18:01:22,611] io.dropwizard.server.DefaultServerFactory: Registering jersey handler with root path prefix: /
INFO  [2020-02-11 18:01:22,613] io.dropwizard.server.DefaultServerFactory: Registering admin handler with root path prefix: /
INFO  [2020-02-11 18:01:30,569] org.ehcache.core.EhcacheManager: Cache 'movieListCache' created in EhcacheManager.
INFO  [2020-02-11 18:01:30,575] org.ehcache.core.EhcacheManager: Cache 'movieDetailsCache' created in EhcacheManager.
INFO  [2020-02-11 18:01:30,641] io.dropwizard.server.ServerFactory: Starting APIApplication
INFO  [2020-02-11 18:01:46,738] io.dropwizard.server.DefaultServerFactory: Registering jersey handler with root path prefix: /
INFO  [2020-02-11 18:01:46,741] io.dropwizard.server.DefaultServerFactory: Registering admin handler with root path prefix: /
INFO  [2020-02-11 18:01:46,908] org.ehcache.core.EhcacheManager: Cache 'movieListCache' created in EhcacheManager.
INFO  [2020-02-11 18:01:46,913] org.ehcache.core.EhcacheManager: Cache 'movieDetailsCache' created in EhcacheManager.
INFO  [2020-02-11 18:01:46,971] io.dropwizard.server.ServerFactory: Starting APIApplication
INFO  [2020-02-11 18:01:51,737] io.dropwizard.server.DefaultServerFactory: Registering jersey handler with root path prefix: /
INFO  [2020-02-11 18:01:51,740] io.dropwizard.server.DefaultServerFactory: Registering admin handler with root path prefix: /
INFO  [2020-02-11 18:01:53,929] org.ehcache.core.EhcacheManager: Cache 'movieListCache' created in EhcacheManager.
INFO  [2020-02-11 18:01:53,932] org.ehcache.core.EhcacheManager: Cache 'movieDetailsCache' created in EhcacheManager.
INFO  [2020-02-11 18:01:53,997] io.dropwizard.server.ServerFactory: Starting APIApplication
INFO  [2020-02-11 18:03:04,131] io.dropwizard.server.DefaultServerFactory: Registering jersey handler with root path prefix: /
INFO  [2020-02-11 18:03:04,134] io.dropwizard.server.DefaultServerFactory: Registering admin handler with root path prefix: /
INFO  [2020-02-11 18:03:06,987] org.ehcache.core.EhcacheManager: Cache 'movieListCache' created in EhcacheManager.
INFO  [2020-02-11 18:03:06,990] org.ehcache.core.EhcacheManager: Cache 'movieDetailsCache' created in EhcacheManager.
INFO  [2020-02-11 18:03:07,053] io.dropwizard.server.ServerFactory: Starting APIApplication
INFO  [2020-02-11 18:03:40,323] io.dropwizard.server.DefaultServerFactory: Registering jersey handler with root path prefix: /
INFO  [2020-02-11 18:03:40,327] io.dropwizard.server.DefaultServerFactory: Registering admin handler with root path prefix: /
INFO  [2020-02-11 18:03:43,273] org.ehcache.core.EhcacheManager: Cache 'movieListCache' created in EhcacheManager.
INFO  [2020-02-11 18:03:43,278] org.ehcache.core.EhcacheManager: Cache 'movieDetailsCache' created in EhcacheManager.
INFO  [2020-02-11 18:03:43,340] io.dropwizard.server.ServerFactory: Starting APIApplication
INFO  [2020-02-11 18:03:57,549] io.dropwizard.server.DefaultServerFactory: Registering jersey handler with root path prefix: /
INFO  [2020-02-11 18:03:57,552] io.dropwizard.server.DefaultServerFactory: Registering admin handler with root path prefix: /
INFO  [2020-02-11 18:03:58,753] org.ehcache.core.EhcacheManager: Cache 'movieListCache' created in EhcacheManager.
INFO  [2020-02-11 18:03:58,757] org.ehcache.core.EhcacheManager: Cache 'movieDetailsCache' created in EhcacheManager.
INFO  [2020-02-11 18:03:58,820] io.dropwizard.server.ServerFactory: Starting APIApplication
INFO  [2020-02-11 18:05:37,679] io.dropwizard.server.DefaultServerFactory: Registering jersey handler with root path prefix: /
INFO  [2020-02-11 18:05:37,681] io.dropwizard.server.DefaultServerFactory: Registering admin handler with root path prefix: /
INFO  [2020-02-11 18:05:37,843] org.ehcache.core.EhcacheManager: Cache 'movieListCache' created in EhcacheManager.
INFO  [2020-02-11 18:05:37,846] org.ehcache.core.EhcacheManager: Cache 'movieDetailsCache' created in EhcacheManager.
INFO  [2020-02-11 18:05:37,909] io.dropwizard.server.ServerFactory: Starting APIApplication
INFO  [2020-02-11 18:08:59,758] io.dropwizard.server.DefaultServerFactory: Registering jersey handler with root path prefix: /
INFO  [2020-02-11 18:08:59,762] io.dropwizard.server.DefaultServerFactory: Registering admin handler with root path prefix: /
INFO  [2020-02-11 18:09:01,904] org.ehcache.core.EhcacheManager: Cache 'movieListCache' created in EhcacheManager.
INFO  [2020-02-11 18:09:01,909] org.ehcache.core.EhcacheManager: Cache 'movieDetailsCache' created in EhcacheManager.
INFO  [2020-02-11 18:09:01,981] io.dropwizard.server.ServerFactory: Starting APIApplication
INFO  [2020-02-11 18:09:02,073] org.eclipse.jetty.setuid.SetUIDListener: Opened application@6dd1f638{HTTP/1.1,[http/1.1]}{127.0.0.1:8080}
INFO  [2020-02-11 18:09:02,073] org.eclipse.jetty.setuid.SetUIDListener: Opened admin@414f13fc{HTTP/1.1,[http/1.1]}{0.0.0.0:8081}
INFO  [2020-02-11 18:09:02,075] org.eclipse.jetty.server.Server: jetty-9.4.24.v20191120; built: 2019-11-20T21:37:49.771Z; git: 363d5f2df3a8a28de40604320230664b9c793c16; jvm 1.8.0_232-b09
INFO  [2020-02-11 18:09:02,689] io.dropwizard.jersey.DropwizardResourceConfig: The following paths were found for the configured resources:

    GET     /api/movie/{id} (resources.MovieController)
    GET     /api/movies (resources.MovieController)

WARN  [2020-02-11 18:09:02,690] org.glassfish.jersey.internal.Errors: The following warnings have been detected: WARNING: A HTTP GET method, public javax.ws.rs.core.Response resources.MovieController.getMovies(models.MovieAPIRequest), should not consume any entity.

INFO  [2020-02-11 18:09:02,691] org.eclipse.jetty.server.handler.ContextHandler: Started i.d.j.MutableServletContextHandler@256589a1{/,null,AVAILABLE}
INFO  [2020-02-11 18:09:02,696] io.dropwizard.setup.AdminEnvironment: tasks = 

    POST    /tasks/log-level (io.dropwizard.servlets.tasks.LogConfigurationTask)
    POST    /tasks/gc (io.dropwizard.servlets.tasks.GarbageCollectionTask)

INFO  [2020-02-11 18:09:02,702] org.eclipse.jetty.server.handler.ContextHandler: Started i.d.j.MutableServletContextHandler@597d48ca{/,null,AVAILABLE}
INFO  [2020-02-11 18:09:02,712] org.eclipse.jetty.server.AbstractConnector: Started application@6dd1f638{HTTP/1.1,[http/1.1]}{127.0.0.1:8080}
INFO  [2020-02-11 18:09:02,713] org.eclipse.jetty.server.AbstractConnector: Started admin@414f13fc{HTTP/1.1,[http/1.1]}{0.0.0.0:8081}
INFO  [2020-02-11 18:09:02,714] org.eclipse.jetty.server.Server: Started @4424ms
INFO  [2020-02-11 18:09:19,571] org.eclipse.jetty.util.TypeUtil: JVM Runtime does not support Modules
INFO  [2020-02-11 18:09:51,645] org.eclipse.jetty.server.AbstractConnector: Stopped application@6dd1f638{HTTP/1.1,[http/1.1]}{127.0.0.1:8080}
INFO  [2020-02-11 18:09:51,646] org.eclipse.jetty.server.AbstractConnector: Stopped admin@414f13fc{HTTP/1.1,[http/1.1]}{0.0.0.0:8081}
INFO  [2020-02-11 18:09:51,647] org.eclipse.jetty.server.handler.ContextHandler: Stopped i.d.j.MutableServletContextHandler@597d48ca{/,null,UNAVAILABLE}
INFO  [2020-02-11 18:09:51,652] org.eclipse.jetty.server.handler.ContextHandler: Stopped i.d.j.MutableServletContextHandler@256589a1{/,null,UNAVAILABLE}
INFO  [2020-02-11 18:09:55,235] io.dropwizard.server.DefaultServerFactory: Registering jersey handler with root path prefix: /
INFO  [2020-02-11 18:09:55,237] io.dropwizard.server.DefaultServerFactory: Registering admin handler with root path prefix: /
INFO  [2020-02-11 18:09:55,387] org.ehcache.core.EhcacheManager: Cache 'movieListCache' created in EhcacheManager.
INFO  [2020-02-11 18:09:55,390] org.ehcache.core.EhcacheManager: Cache 'movieDetailsCache' created in EhcacheManager.
INFO  [2020-02-11 18:09:55,444] io.dropwizard.server.ServerFactory: Starting APIApplication
INFO  [2020-02-11 18:09:55,529] org.eclipse.jetty.setuid.SetUIDListener: Opened application@17ca8b92{HTTP/1.1,[http/1.1]}{127.0.0.1:8080}
INFO  [2020-02-11 18:09:55,530] org.eclipse.jetty.setuid.SetUIDListener: Opened admin@5491f68b{HTTP/1.1,[http/1.1]}{0.0.0.0:8081}
INFO  [2020-02-11 18:09:55,531] org.eclipse.jetty.server.Server: jetty-9.4.24.v20191120; built: 2019-11-20T21:37:49.771Z; git: 363d5f2df3a8a28de40604320230664b9c793c16; jvm 1.8.0_232-b09
INFO  [2020-02-11 18:09:55,946] io.dropwizard.jersey.DropwizardResourceConfig: The following paths were found for the configured resources:

    GET     /api/movie/{id} (resources.MovieController)
    GET     /api/movies (resources.MovieController)

WARN  [2020-02-11 18:09:55,949] org.glassfish.jersey.internal.Errors: The following warnings have been detected: WARNING: A HTTP GET method, public javax.ws.rs.core.Response resources.MovieController.getMovies(models.MovieAPIRequest), should not consume any entity.

INFO  [2020-02-11 18:09:55,950] org.eclipse.jetty.server.handler.ContextHandler: Started i.d.j.MutableServletContextHandler@6920614{/,null,AVAILABLE}
INFO  [2020-02-11 18:09:55,953] io.dropwizard.setup.AdminEnvironment: tasks = 

    POST    /tasks/log-level (io.dropwizard.servlets.tasks.LogConfigurationTask)
    POST    /tasks/gc (io.dropwizard.servlets.tasks.GarbageCollectionTask)

INFO  [2020-02-11 18:09:55,958] org.eclipse.jetty.server.handler.ContextHandler: Started i.d.j.MutableServletContextHandler@71a06021{/,null,AVAILABLE}
INFO  [2020-02-11 18:09:55,966] org.eclipse.jetty.server.AbstractConnector: Started application@17ca8b92{HTTP/1.1,[http/1.1]}{127.0.0.1:8080}
INFO  [2020-02-11 18:09:55,967] org.eclipse.jetty.server.AbstractConnector: Started admin@5491f68b{HTTP/1.1,[http/1.1]}{0.0.0.0:8081}
INFO  [2020-02-11 18:09:55,967] org.eclipse.jetty.server.Server: Started @1974ms
INFO  [2020-02-11 18:10:00,948] org.eclipse.jetty.util.TypeUtil: JVM Runtime does not support Modules
INFO  [2020-02-11 18:10:12,839] org.eclipse.jetty.server.AbstractConnector: Stopped application@17ca8b92{HTTP/1.1,[http/1.1]}{127.0.0.1:8080}
INFO  [2020-02-11 18:10:12,840] org.eclipse.jetty.server.AbstractConnector: Stopped admin@5491f68b{HTTP/1.1,[http/1.1]}{0.0.0.0:8081}
INFO  [2020-02-11 18:10:12,841] org.eclipse.jetty.server.handler.ContextHandler: Stopped i.d.j.MutableServletContextHandler@71a06021{/,null,UNAVAILABLE}
INFO  [2020-02-11 18:10:12,845] org.eclipse.jetty.server.handler.ContextHandler: Stopped i.d.j.MutableServletContextHandler@6920614{/,null,UNAVAILABLE}
INFO  [2020-02-11 18:11:30,121] io.dropwizard.server.DefaultServerFactory: Registering jersey handler with root path prefix: /
INFO  [2020-02-11 18:11:30,124] io.dropwizard.server.DefaultServerFactory: Registering admin handler with root path prefix: /
INFO  [2020-02-11 18:11:30,323] org.ehcache.core.EhcacheManager: Cache 'movieListCache' created in EhcacheManager.
INFO  [2020-02-11 18:11:30,327] org.ehcache.core.EhcacheManager: Cache 'movieDetailsCache' created in EhcacheManager.
INFO  [2020-02-11 18:11:30,397] io.dropwizard.server.ServerFactory: Starting APIApplication
INFO  [2020-02-11 18:11:30,486] org.eclipse.jetty.setuid.SetUIDListener: Opened application@414f13fc{HTTP/1.1,[http/1.1]}{127.0.0.1:8080}
INFO  [2020-02-11 18:11:30,486] org.eclipse.jetty.setuid.SetUIDListener: Opened admin@4b76aa5a{HTTP/1.1,[http/1.1]}{0.0.0.0:8081}
INFO  [2020-02-11 18:11:30,488] org.eclipse.jetty.server.Server: jetty-9.4.24.v20191120; built: 2019-11-20T21:37:49.771Z; git: 363d5f2df3a8a28de40604320230664b9c793c16; jvm 1.8.0_232-b09
INFO  [2020-02-11 18:11:31,064] io.dropwizard.jersey.DropwizardResourceConfig: The following paths were found for the configured resources:

    GET     /api/movie/{id} (resources.MovieController)
    GET     /api/movies (resources.MovieController)

WARN  [2020-02-11 18:11:31,080] org.glassfish.jersey.internal.Errors: The following warnings have been detected: WARNING: A HTTP GET method, public javax.ws.rs.core.Response resources.MovieController.getMovies(models.MovieAPIRequest), should not consume any entity.

INFO  [2020-02-11 18:11:31,081] org.eclipse.jetty.server.handler.ContextHandler: Started i.d.j.MutableServletContextHandler@1eb85a47{/,null,AVAILABLE}
INFO  [2020-02-11 18:11:31,085] io.dropwizard.setup.AdminEnvironment: tasks = 

    POST    /tasks/log-level (io.dropwizard.servlets.tasks.LogConfigurationTask)
    POST    /tasks/gc (io.dropwizard.servlets.tasks.GarbageCollectionTask)

INFO  [2020-02-11 18:11:31,090] org.eclipse.jetty.server.handler.ContextHandler: Started i.d.j.MutableServletContextHandler@66713605{/,null,AVAILABLE}
INFO  [2020-02-11 18:11:31,099] org.eclipse.jetty.server.AbstractConnector: Started application@414f13fc{HTTP/1.1,[http/1.1]}{127.0.0.1:8080}
INFO  [2020-02-11 18:11:31,101] org.eclipse.jetty.server.AbstractConnector: Started admin@4b76aa5a{HTTP/1.1,[http/1.1]}{0.0.0.0:8081}
INFO  [2020-02-11 18:11:31,101] org.eclipse.jetty.server.Server: Started @2570ms
INFO  [2020-02-11 18:11:33,038] org.eclipse.jetty.util.TypeUtil: JVM Runtime does not support Modules
INFO  [2020-02-11 18:14:00,609] org.eclipse.jetty.server.AbstractConnector: Stopped application@414f13fc{HTTP/1.1,[http/1.1]}{127.0.0.1:8080}
INFO  [2020-02-11 18:14:00,609] org.eclipse.jetty.server.AbstractConnector: Stopped admin@4b76aa5a{HTTP/1.1,[http/1.1]}{0.0.0.0:8081}
INFO  [2020-02-11 18:14:00,611] org.eclipse.jetty.server.handler.ContextHandler: Stopped i.d.j.MutableServletContextHandler@66713605{/,null,UNAVAILABLE}
INFO  [2020-02-11 18:14:00,615] org.eclipse.jetty.server.handler.ContextHandler: Stopped i.d.j.MutableServletContextHandler@1eb85a47{/,null,UNAVAILABLE}
INFO  [2020-02-11 18:14:05,080] io.dropwizard.server.DefaultServerFactory: Registering jersey handler with root path prefix: /
INFO  [2020-02-11 18:14:05,084] io.dropwizard.server.DefaultServerFactory: Registering admin handler with root path prefix: /
INFO  [2020-02-11 18:14:05,352] org.ehcache.core.EhcacheManager: Cache 'movieListCache' created in EhcacheManager.
INFO  [2020-02-11 18:14:05,357] org.ehcache.core.EhcacheManager: Cache 'movieDetailsCache' created in EhcacheManager.
INFO  [2020-02-11 18:14:05,436] io.dropwizard.server.ServerFactory: Starting APIApplication
INFO  [2020-02-11 18:14:05,539] org.eclipse.jetty.setuid.SetUIDListener: Opened application@36327cec{HTTP/1.1,[http/1.1]}{127.0.0.1:8080}
INFO  [2020-02-11 18:14:05,540] org.eclipse.jetty.setuid.SetUIDListener: Opened admin@410ae5ac{HTTP/1.1,[http/1.1]}{0.0.0.0:8081}
INFO  [2020-02-11 18:14:05,541] org.eclipse.jetty.server.Server: jetty-9.4.24.v20191120; built: 2019-11-20T21:37:49.771Z; git: 363d5f2df3a8a28de40604320230664b9c793c16; jvm 1.8.0_232-b09
INFO  [2020-02-11 18:14:06,138] io.dropwizard.jersey.DropwizardResourceConfig: The following paths were found for the configured resources:

    GET     /api/movie/{id} (resources.MovieController)
    GET     /api/movies (resources.MovieController)

WARN  [2020-02-11 18:14:06,143] org.glassfish.jersey.internal.Errors: The following warnings have been detected: WARNING: A HTTP GET method, public javax.ws.rs.core.Response resources.MovieController.getMovies(models.MovieAPIRequest), should not consume any entity.

INFO  [2020-02-11 18:14:06,144] org.eclipse.jetty.server.handler.ContextHandler: Started i.d.j.MutableServletContextHandler@99a8de3{/,null,AVAILABLE}
INFO  [2020-02-11 18:14:06,148] io.dropwizard.setup.AdminEnvironment: tasks = 

    POST    /tasks/log-level (io.dropwizard.servlets.tasks.LogConfigurationTask)
    POST    /tasks/gc (io.dropwizard.servlets.tasks.GarbageCollectionTask)

INFO  [2020-02-11 18:14:06,153] org.eclipse.jetty.server.handler.ContextHandler: Started i.d.j.MutableServletContextHandler@7d50f2a8{/,null,AVAILABLE}
INFO  [2020-02-11 18:14:06,162] org.eclipse.jetty.server.AbstractConnector: Started application@36327cec{HTTP/1.1,[http/1.1]}{127.0.0.1:8080}
INFO  [2020-02-11 18:14:06,164] org.eclipse.jetty.server.AbstractConnector: Started admin@410ae5ac{HTTP/1.1,[http/1.1]}{0.0.0.0:8081}
INFO  [2020-02-11 18:14:06,164] org.eclipse.jetty.server.Server: Started @2714ms
INFO  [2020-02-11 18:14:07,402] org.eclipse.jetty.util.TypeUtil: JVM Runtime does not support Modules
INFO  [2020-02-11 18:14:47,762] org.eclipse.jetty.server.AbstractConnector: Stopped application@36327cec{HTTP/1.1,[http/1.1]}{127.0.0.1:8080}
INFO  [2020-02-11 18:14:47,763] org.eclipse.jetty.server.AbstractConnector: Stopped admin@410ae5ac{HTTP/1.1,[http/1.1]}{0.0.0.0:8081}
INFO  [2020-02-11 18:14:47,765] org.eclipse.jetty.server.handler.ContextHandler: Stopped i.d.j.MutableServletContextHandler@7d50f2a8{/,null,UNAVAILABLE}
INFO  [2020-02-11 18:14:47,769] org.eclipse.jetty.server.handler.ContextHandler: Stopped i.d.j.MutableServletContextHandler@99a8de3{/,null,UNAVAILABLE}
INFO  [2020-02-11 18:14:50,873] io.dropwizard.server.DefaultServerFactory: Registering jersey handler with root path prefix: /
INFO  [2020-02-11 18:14:50,876] io.dropwizard.server.DefaultServerFactory: Registering admin handler with root path prefix: /
INFO  [2020-02-11 18:14:51,076] org.ehcache.core.EhcacheManager: Cache 'movieListCache' created in EhcacheManager.
INFO  [2020-02-11 18:14:51,079] org.ehcache.core.EhcacheManager: Cache 'movieDetailsCache' created in EhcacheManager.
INFO  [2020-02-11 18:14:51,145] io.dropwizard.server.ServerFactory: Starting APIApplication
INFO  [2020-02-11 18:14:51,229] org.eclipse.jetty.setuid.SetUIDListener: Opened application@37637a24{HTTP/1.1,[http/1.1]}{127.0.0.1:8080}
INFO  [2020-02-11 18:14:51,229] org.eclipse.jetty.setuid.SetUIDListener: Opened admin@31e76a8d{HTTP/1.1,[http/1.1]}{0.0.0.0:8081}
INFO  [2020-02-11 18:14:51,231] org.eclipse.jetty.server.Server: jetty-9.4.24.v20191120; built: 2019-11-20T21:37:49.771Z; git: 363d5f2df3a8a28de40604320230664b9c793c16; jvm 1.8.0_232-b09
INFO  [2020-02-11 18:14:51,781] io.dropwizard.jersey.DropwizardResourceConfig: The following paths were found for the configured resources:

    GET     /api/movie/{id} (resources.MovieController)
    GET     /api/movies (resources.MovieController)

WARN  [2020-02-11 18:14:51,786] org.glassfish.jersey.internal.Errors: The following warnings have been detected: WARNING: A HTTP GET method, public javax.ws.rs.core.Response resources.MovieController.getMovies(models.MovieAPIRequest), should not consume any entity.

INFO  [2020-02-11 18:14:51,787] org.eclipse.jetty.server.handler.ContextHandler: Started i.d.j.MutableServletContextHandler@99a8de3{/,null,AVAILABLE}
INFO  [2020-02-11 18:14:51,791] io.dropwizard.setup.AdminEnvironment: tasks = 

    POST    /tasks/log-level (io.dropwizard.servlets.tasks.LogConfigurationTask)
    POST    /tasks/gc (io.dropwizard.servlets.tasks.GarbageCollectionTask)

INFO  [2020-02-11 18:14:51,796] org.eclipse.jetty.server.handler.ContextHandler: Started i.d.j.MutableServletContextHandler@7d50f2a8{/,null,AVAILABLE}
INFO  [2020-02-11 18:14:51,805] org.eclipse.jetty.server.AbstractConnector: Started application@37637a24{HTTP/1.1,[http/1.1]}{127.0.0.1:8080}
INFO  [2020-02-11 18:14:51,806] org.eclipse.jetty.server.AbstractConnector: Started admin@31e76a8d{HTTP/1.1,[http/1.1]}{0.0.0.0:8081}
INFO  [2020-02-11 18:14:51,807] org.eclipse.jetty.server.Server: Started @2506ms
INFO  [2020-02-11 18:14:53,259] org.eclipse.jetty.util.TypeUtil: JVM Runtime does not support Modules
INFO  [2020-02-11 18:20:05,131] org.eclipse.jetty.server.AbstractConnector: Stopped application@37637a24{HTTP/1.1,[http/1.1]}{127.0.0.1:8080}
INFO  [2020-02-11 18:20:05,132] org.eclipse.jetty.server.AbstractConnector: Stopped admin@31e76a8d{HTTP/1.1,[http/1.1]}{0.0.0.0:8081}
INFO  [2020-02-11 18:20:05,134] org.eclipse.jetty.server.handler.ContextHandler: Stopped i.d.j.MutableServletContextHandler@7d50f2a8{/,null,UNAVAILABLE}
INFO  [2020-02-11 18:20:05,140] org.eclipse.jetty.server.handler.ContextHandler: Stopped i.d.j.MutableServletContextHandler@99a8de3{/,null,UNAVAILABLE}
INFO  [2020-02-11 18:20:08,617] io.dropwizard.server.DefaultServerFactory: Registering jersey handler with root path prefix: /
INFO  [2020-02-11 18:20:08,619] io.dropwizard.server.DefaultServerFactory: Registering admin handler with root path prefix: /
INFO  [2020-02-11 18:20:08,825] org.ehcache.core.EhcacheManager: Cache 'movieListCache' created in EhcacheManager.
INFO  [2020-02-11 18:20:08,830] org.ehcache.core.EhcacheManager: Cache 'movieDetailsCache' created in EhcacheManager.
INFO  [2020-02-11 18:20:08,882] io.dropwizard.server.ServerFactory: Starting APIApplication
INFO  [2020-02-11 18:20:08,966] org.eclipse.jetty.setuid.SetUIDListener: Opened application@3aefae67{HTTP/1.1,[http/1.1]}{0.0.0.0:8080}
INFO  [2020-02-11 18:20:08,966] org.eclipse.jetty.setuid.SetUIDListener: Opened admin@2e1792e7{HTTP/1.1,[http/1.1]}{0.0.0.0:8081}
INFO  [2020-02-11 18:20:08,967] org.eclipse.jetty.server.Server: jetty-9.4.24.v20191120; built: 2019-11-20T21:37:49.771Z; git: 363d5f2df3a8a28de40604320230664b9c793c16; jvm 1.8.0_232-b09
INFO  [2020-02-11 18:20:09,463] io.dropwizard.jersey.DropwizardResourceConfig: The following paths were found for the configured resources:

    GET     /api/movie/{id} (resources.MovieController)
    GET     /api/movies (resources.MovieController)

WARN  [2020-02-11 18:20:09,465] org.glassfish.jersey.internal.Errors: The following warnings have been detected: WARNING: A HTTP GET method, public javax.ws.rs.core.Response resources.MovieController.getMovies(models.MovieAPIRequest), should not consume any entity.

INFO  [2020-02-11 18:20:09,466] org.eclipse.jetty.server.handler.ContextHandler: Started i.d.j.MutableServletContextHandler@76563d26{/,null,AVAILABLE}
INFO  [2020-02-11 18:20:09,469] io.dropwizard.setup.AdminEnvironment: tasks = 

    POST    /tasks/log-level (io.dropwizard.servlets.tasks.LogConfigurationTask)
    POST    /tasks/gc (io.dropwizard.servlets.tasks.GarbageCollectionTask)

INFO  [2020-02-11 18:20:09,475] org.eclipse.jetty.server.handler.ContextHandler: Started i.d.j.MutableServletContextHandler@26f46fa6{/,null,AVAILABLE}
INFO  [2020-02-11 18:20:09,485] org.eclipse.jetty.server.AbstractConnector: Started application@3aefae67{HTTP/1.1,[http/1.1]}{0.0.0.0:8080}
INFO  [2020-02-11 18:20:09,486] org.eclipse.jetty.server.AbstractConnector: Started admin@2e1792e7{HTTP/1.1,[http/1.1]}{0.0.0.0:8081}
INFO  [2020-02-11 18:20:09,487] org.eclipse.jetty.server.Server: Started @2241ms
INFO  [2020-02-11 18:20:11,438] org.eclipse.jetty.util.TypeUtil: JVM Runtime does not support Modules
INFO  [2020-02-11 18:22:42,738] org.eclipse.jetty.server.AbstractConnector: Stopped application@3aefae67{HTTP/1.1,[http/1.1]}{0.0.0.0:8080}
INFO  [2020-02-11 18:22:42,739] org.eclipse.jetty.server.AbstractConnector: Stopped admin@2e1792e7{HTTP/1.1,[http/1.1]}{0.0.0.0:8081}
INFO  [2020-02-11 18:22:42,740] org.eclipse.jetty.server.handler.ContextHandler: Stopped i.d.j.MutableServletContextHandler@26f46fa6{/,null,UNAVAILABLE}
INFO  [2020-02-11 18:22:42,744] org.eclipse.jetty.server.handler.ContextHandler: Stopped i.d.j.MutableServletContextHandler@76563d26{/,null,UNAVAILABLE}
INFO  [2020-02-11 18:22:45,414] io.dropwizard.server.DefaultServerFactory: Registering jersey handler with root path prefix: /
INFO  [2020-02-11 18:22:45,416] io.dropwizard.server.DefaultServerFactory: Registering admin handler with root path prefix: /
INFO  [2020-02-11 18:22:45,593] org.ehcache.core.EhcacheManager: Cache 'movieListCache' created in EhcacheManager.
INFO  [2020-02-11 18:22:45,597] org.ehcache.core.EhcacheManager: Cache 'movieDetailsCache' created in EhcacheManager.
INFO  [2020-02-11 18:22:45,660] io.dropwizard.server.ServerFactory: Starting APIApplication
INFO  [2020-02-11 18:22:45,749] org.eclipse.jetty.setuid.SetUIDListener: Opened application@3eb631b8{HTTP/1.1,[http/1.1]}{0.0.0.0:8080}
INFO  [2020-02-11 18:22:45,750] org.eclipse.jetty.setuid.SetUIDListener: Opened admin@796d3c9f{HTTP/1.1,[http/1.1]}{0.0.0.0:8081}
INFO  [2020-02-11 18:22:45,751] org.eclipse.jetty.server.Server: jetty-9.4.24.v20191120; built: 2019-11-20T21:37:49.771Z; git: 363d5f2df3a8a28de40604320230664b9c793c16; jvm 1.8.0_232-b09
INFO  [2020-02-11 18:22:46,288] io.dropwizard.jersey.DropwizardResourceConfig: The following paths were found for the configured resources:

    GET     /api/movie/{id} (resources.MovieController)
    GET     /api/movies (resources.MovieController)

WARN  [2020-02-11 18:22:46,289] org.glassfish.jersey.internal.Errors: The following warnings have been detected: WARNING: A HTTP GET method, public javax.ws.rs.core.Response resources.MovieController.getMovies(models.MovieAPIRequest), should not consume any entity.

INFO  [2020-02-11 18:22:46,291] org.eclipse.jetty.server.handler.ContextHandler: Started i.d.j.MutableServletContextHandler@508a65bf{/,null,AVAILABLE}
INFO  [2020-02-11 18:22:46,297] io.dropwizard.setup.AdminEnvironment: tasks = 

    POST    /tasks/log-level (io.dropwizard.servlets.tasks.LogConfigurationTask)
    POST    /tasks/gc (io.dropwizard.servlets.tasks.GarbageCollectionTask)

INFO  [2020-02-11 18:22:46,305] org.eclipse.jetty.server.handler.ContextHandler: Started i.d.j.MutableServletContextHandler@75ae4a1f{/,null,AVAILABLE}
INFO  [2020-02-11 18:22:46,316] org.eclipse.jetty.server.AbstractConnector: Started application@3eb631b8{HTTP/1.1,[http/1.1]}{0.0.0.0:8080}
INFO  [2020-02-11 18:22:46,317] org.eclipse.jetty.server.AbstractConnector: Started admin@796d3c9f{HTTP/1.1,[http/1.1]}{0.0.0.0:8081}
INFO  [2020-02-11 18:22:46,317] org.eclipse.jetty.server.Server: Started @2166ms
INFO  [2020-02-11 18:22:47,791] io.dropwizard.server.DefaultServerFactory: Registering jersey handler with root path prefix: /
INFO  [2020-02-11 18:22:47,795] io.dropwizard.server.DefaultServerFactory: Registering admin handler with root path prefix: /
INFO  [2020-02-11 18:22:47,989] org.ehcache.core.EhcacheManager: Cache 'movieListCache' created in EhcacheManager.
INFO  [2020-02-11 18:22:47,993] org.ehcache.core.EhcacheManager: Cache 'movieDetailsCache' created in EhcacheManager.
INFO  [2020-02-11 18:22:48,057] io.dropwizard.server.ServerFactory: Starting APIApplication
ERROR [2020-02-11 18:22:48,139] io.dropwizard.cli.ServerCommand: Unable to start server, shutting down
! java.net.BindException: Address already in use
! at sun.nio.ch.Net.bind0(Native Method)
! at sun.nio.ch.Net.bind(Net.java:433)
! at sun.nio.ch.Net.bind(Net.java:425)
! at sun.nio.ch.ServerSocketChannelImpl.bind(ServerSocketChannelImpl.java:223)
! at sun.nio.ch.ServerSocketAdaptor.bind(ServerSocketAdaptor.java:74)
! at org.eclipse.jetty.server.ServerConnector.openAcceptChannel(ServerConnector.java:342)
! ... 10 common frames omitted
! Causing: java.io.IOException: Failed to bind to 0.0.0.0/0.0.0.0:8080
! at org.eclipse.jetty.server.ServerConnector.openAcceptChannel(ServerConnector.java:346)
! at org.eclipse.jetty.server.ServerConnector.open(ServerConnector.java:307)
! at org.eclipse.jetty.setuid.SetUIDListener.lifeCycleStarting(SetUIDListener.java:200)
! ... 8 common frames omitted
! Causing: java.lang.RuntimeException: java.io.IOException: Failed to bind to 0.0.0.0/0.0.0.0:8080
! at org.eclipse.jetty.setuid.SetUIDListener.lifeCycleStarting(SetUIDListener.java:213)
! at org.eclipse.jetty.util.component.AbstractLifeCycle.setStarting(AbstractLifeCycle.java:204)
! at org.eclipse.jetty.util.component.AbstractLifeCycle.start(AbstractLifeCycle.java:71)
! at io.dropwizard.cli.ServerCommand.run(ServerCommand.java:53)
! at io.dropwizard.cli.EnvironmentCommand.run(EnvironmentCommand.java:45)
! at io.dropwizard.cli.ConfiguredCommand.run(ConfiguredCommand.java:87)
! at io.dropwizard.cli.Cli.run(Cli.java:79)
! at io.dropwizard.Application.run(Application.java:94)
! at APIApplication.main(APIApplication.java:20)
INFO  [2020-02-11 18:22:49,952] org.eclipse.jetty.util.TypeUtil: JVM Runtime does not support Modules
INFO  [2020-02-11 18:22:51,835] org.eclipse.jetty.server.AbstractConnector: Stopped application@3eb631b8{HTTP/1.1,[http/1.1]}{0.0.0.0:8080}
INFO  [2020-02-11 18:22:51,836] org.eclipse.jetty.server.AbstractConnector: Stopped admin@796d3c9f{HTTP/1.1,[http/1.1]}{0.0.0.0:8081}
INFO  [2020-02-11 18:22:51,837] org.eclipse.jetty.server.handler.ContextHandler: Stopped i.d.j.MutableServletContextHandler@75ae4a1f{/,null,UNAVAILABLE}
INFO  [2020-02-11 18:22:51,840] org.eclipse.jetty.server.handler.ContextHandler: Stopped i.d.j.MutableServletContextHandler@508a65bf{/,null,UNAVAILABLE}
INFO  [2020-02-11 18:22:57,633] io.dropwizard.server.DefaultServerFactory: Registering jersey handler with root path prefix: /
INFO  [2020-02-11 18:22:57,636] io.dropwizard.server.DefaultServerFactory: Registering admin handler with root path prefix: /
INFO  [2020-02-11 18:22:57,828] org.ehcache.core.EhcacheManager: Cache 'movieListCache' created in EhcacheManager.
INFO  [2020-02-11 18:22:57,831] org.ehcache.core.EhcacheManager: Cache 'movieDetailsCache' created in EhcacheManager.
INFO  [2020-02-11 18:22:57,897] io.dropwizard.server.ServerFactory: Starting APIApplication
INFO  [2020-02-11 18:22:57,985] org.eclipse.jetty.setuid.SetUIDListener: Opened application@4fb392c4{HTTP/1.1,[http/1.1]}{0.0.0.0:8080}
INFO  [2020-02-11 18:22:57,985] org.eclipse.jetty.setuid.SetUIDListener: Opened admin@194d329e{HTTP/1.1,[http/1.1]}{0.0.0.0:8081}
INFO  [2020-02-11 18:22:57,987] org.eclipse.jetty.server.Server: jetty-9.4.24.v20191120; built: 2019-11-20T21:37:49.771Z; git: 363d5f2df3a8a28de40604320230664b9c793c16; jvm 1.8.0_232-b09
INFO  [2020-02-11 18:22:58,527] io.dropwizard.jersey.DropwizardResourceConfig: The following paths were found for the configured resources:

    GET     /api/movie/{id} (resources.MovieController)
    GET     /api/movies (resources.MovieController)

WARN  [2020-02-11 18:22:58,529] org.glassfish.jersey.internal.Errors: The following warnings have been detected: WARNING: A HTTP GET method, public javax.ws.rs.core.Response resources.MovieController.getMovies(models.MovieAPIRequest), should not consume any entity.

INFO  [2020-02-11 18:22:58,530] org.eclipse.jetty.server.handler.ContextHandler: Started i.d.j.MutableServletContextHandler@27ec8754{/,null,AVAILABLE}
INFO  [2020-02-11 18:22:58,534] io.dropwizard.setup.AdminEnvironment: tasks = 

    POST    /tasks/log-level (io.dropwizard.servlets.tasks.LogConfigurationTask)
    POST    /tasks/gc (io.dropwizard.servlets.tasks.GarbageCollectionTask)

INFO  [2020-02-11 18:22:58,540] org.eclipse.jetty.server.handler.ContextHandler: Started i.d.j.MutableServletContextHandler@743c3520{/,null,AVAILABLE}
INFO  [2020-02-11 18:22:58,561] org.eclipse.jetty.server.AbstractConnector: Started application@4fb392c4{HTTP/1.1,[http/1.1]}{0.0.0.0:8080}
INFO  [2020-02-11 18:22:58,563] org.eclipse.jetty.server.AbstractConnector: Started admin@194d329e{HTTP/1.1,[http/1.1]}{0.0.0.0:8081}
INFO  [2020-02-11 18:22:58,563] org.eclipse.jetty.server.Server: Started @2518ms
INFO  [2020-02-11 18:23:02,804] org.eclipse.jetty.util.TypeUtil: JVM Runtime does not support Modules
INFO  [2020-02-11 18:24:57,504] org.eclipse.jetty.server.AbstractConnector: Stopped application@4fb392c4{HTTP/1.1,[http/1.1]}{0.0.0.0:8080}
INFO  [2020-02-11 18:24:57,504] org.eclipse.jetty.server.AbstractConnector: Stopped admin@194d329e{HTTP/1.1,[http/1.1]}{0.0.0.0:8081}
INFO  [2020-02-11 18:24:57,506] org.eclipse.jetty.server.handler.ContextHandler: Stopped i.d.j.MutableServletContextHandler@743c3520{/,null,UNAVAILABLE}
INFO  [2020-02-11 18:24:57,510] org.eclipse.jetty.server.handler.ContextHandler: Stopped i.d.j.MutableServletContextHandler@27ec8754{/,null,UNAVAILABLE}
INFO  [2020-02-11 18:25:00,551] io.dropwizard.server.DefaultServerFactory: Registering jersey handler with root path prefix: /
INFO  [2020-02-11 18:25:00,554] io.dropwizard.server.DefaultServerFactory: Registering admin handler with root path prefix: /
INFO  [2020-02-11 18:25:00,770] org.ehcache.core.EhcacheManager: Cache 'movieListCache' created in EhcacheManager.
INFO  [2020-02-11 18:25:00,776] org.ehcache.core.EhcacheManager: Cache 'movieDetailsCache' created in EhcacheManager.
INFO  [2020-02-11 18:25:00,875] io.dropwizard.server.ServerFactory: Starting APIApplication
INFO  [2020-02-11 18:25:00,968] org.eclipse.jetty.setuid.SetUIDListener: Opened application@593a6726{HTTP/1.1,[http/1.1]}{0.0.0.0:8080}
INFO  [2020-02-11 18:25:00,968] org.eclipse.jetty.setuid.SetUIDListener: Opened admin@596a7f44{HTTP/1.1,[http/1.1]}{0.0.0.0:8081}
INFO  [2020-02-11 18:25:00,970] org.eclipse.jetty.server.Server: jetty-9.4.24.v20191120; built: 2019-11-20T21:37:49.771Z; git: 363d5f2df3a8a28de40604320230664b9c793c16; jvm 1.8.0_232-b09
INFO  [2020-02-11 18:25:01,611] io.dropwizard.jersey.DropwizardResourceConfig: The following paths were found for the configured resources:

    GET     /api/movie/{id} (resources.MovieController)
    GET     /api/movies (resources.MovieController)

WARN  [2020-02-11 18:25:01,612] org.glassfish.jersey.internal.Errors: The following warnings have been detected: WARNING: A HTTP GET method, public javax.ws.rs.core.Response resources.MovieController.getMovies(models.MovieAPIRequest), should not consume any entity.

INFO  [2020-02-11 18:25:01,613] org.eclipse.jetty.server.handler.ContextHandler: Started i.d.j.MutableServletContextHandler@4fea840f{/,null,AVAILABLE}
INFO  [2020-02-11 18:25:01,618] io.dropwizard.setup.AdminEnvironment: tasks = 

    POST    /tasks/log-level (io.dropwizard.servlets.tasks.LogConfigurationTask)
    POST    /tasks/gc (io.dropwizard.servlets.tasks.GarbageCollectionTask)

INFO  [2020-02-11 18:25:01,636] org.eclipse.jetty.server.handler.ContextHandler: Started i.d.j.MutableServletContextHandler@27e44e9c{/,null,AVAILABLE}
INFO  [2020-02-11 18:25:01,646] org.eclipse.jetty.server.AbstractConnector: Started application@593a6726{HTTP/1.1,[http/1.1]}{0.0.0.0:8080}
INFO  [2020-02-11 18:25:01,647] org.eclipse.jetty.server.AbstractConnector: Started admin@596a7f44{HTTP/1.1,[http/1.1]}{0.0.0.0:8081}
INFO  [2020-02-11 18:25:01,647] org.eclipse.jetty.server.Server: Started @2562ms
INFO  [2020-02-11 18:25:03,699] org.eclipse.jetty.util.TypeUtil: JVM Runtime does not support Modules
INFO  [2020-02-11 18:25:28,204] org.eclipse.jetty.server.AbstractConnector: Stopped application@593a6726{HTTP/1.1,[http/1.1]}{0.0.0.0:8080}
INFO  [2020-02-11 18:25:28,205] org.eclipse.jetty.server.AbstractConnector: Stopped admin@596a7f44{HTTP/1.1,[http/1.1]}{0.0.0.0:8081}
INFO  [2020-02-11 18:25:28,206] org.eclipse.jetty.server.handler.ContextHandler: Stopped i.d.j.MutableServletContextHandler@27e44e9c{/,null,UNAVAILABLE}
INFO  [2020-02-11 18:25:28,211] org.eclipse.jetty.server.handler.ContextHandler: Stopped i.d.j.MutableServletContextHandler@4fea840f{/,null,UNAVAILABLE}
INFO  [2020-02-11 18:25:31,324] io.dropwizard.server.DefaultServerFactory: Registering jersey handler with root path prefix: /
INFO  [2020-02-11 18:25:31,328] io.dropwizard.server.DefaultServerFactory: Registering admin handler with root path prefix: /
INFO  [2020-02-11 18:25:31,529] org.ehcache.core.EhcacheManager: Cache 'movieListCache' created in EhcacheManager.
INFO  [2020-02-11 18:25:31,533] org.ehcache.core.EhcacheManager: Cache 'movieDetailsCache' created in EhcacheManager.
INFO  [2020-02-11 18:25:31,601] io.dropwizard.server.ServerFactory: Starting APIApplication
INFO  [2020-02-11 18:25:31,691] org.eclipse.jetty.setuid.SetUIDListener: Opened application@593a6726{HTTP/1.1,[http/1.1]}{0.0.0.0:8080}
INFO  [2020-02-11 18:25:31,691] org.eclipse.jetty.setuid.SetUIDListener: Opened admin@596a7f44{HTTP/1.1,[http/1.1]}{0.0.0.0:8081}
INFO  [2020-02-11 18:25:31,693] org.eclipse.jetty.server.Server: jetty-9.4.24.v20191120; built: 2019-11-20T21:37:49.771Z; git: 363d5f2df3a8a28de40604320230664b9c793c16; jvm 1.8.0_232-b09
INFO  [2020-02-11 18:25:32,256] io.dropwizard.jersey.DropwizardResourceConfig: The following paths were found for the configured resources:

    GET     /api/movie/{id} (resources.MovieController)
    GET     /api/movies (resources.MovieController)

WARN  [2020-02-11 18:25:32,257] org.glassfish.jersey.internal.Errors: The following warnings have been detected: WARNING: A HTTP GET method, public javax.ws.rs.core.Response resources.MovieController.getMovies(models.MovieAPIRequest), should not consume any entity.

INFO  [2020-02-11 18:25:32,259] org.eclipse.jetty.server.handler.ContextHandler: Started i.d.j.MutableServletContextHandler@4fea840f{/,null,AVAILABLE}
INFO  [2020-02-11 18:25:32,263] io.dropwizard.setup.AdminEnvironment: tasks = 

    POST    /tasks/log-level (io.dropwizard.servlets.tasks.LogConfigurationTask)
    POST    /tasks/gc (io.dropwizard.servlets.tasks.GarbageCollectionTask)

INFO  [2020-02-11 18:25:32,269] org.eclipse.jetty.server.handler.ContextHandler: Started i.d.j.MutableServletContextHandler@34edd065{/,null,AVAILABLE}
INFO  [2020-02-11 18:25:32,292] org.eclipse.jetty.server.AbstractConnector: Started application@593a6726{HTTP/1.1,[http/1.1]}{0.0.0.0:8080}
INFO  [2020-02-11 18:25:32,293] org.eclipse.jetty.server.AbstractConnector: Started admin@596a7f44{HTTP/1.1,[http/1.1]}{0.0.0.0:8081}
INFO  [2020-02-11 18:25:32,293] org.eclipse.jetty.server.Server: Started @2525ms
INFO  [2020-02-11 18:25:33,002] org.eclipse.jetty.util.TypeUtil: JVM Runtime does not support Modules
INFO  [2020-02-11 18:26:14,080] org.eclipse.jetty.server.AbstractConnector: Stopped application@593a6726{HTTP/1.1,[http/1.1]}{0.0.0.0:8080}
INFO  [2020-02-11 18:26:14,080] org.eclipse.jetty.server.AbstractConnector: Stopped admin@596a7f44{HTTP/1.1,[http/1.1]}{0.0.0.0:8081}
INFO  [2020-02-11 18:26:14,082] org.eclipse.jetty.server.handler.ContextHandler: Stopped i.d.j.MutableServletContextHandler@34edd065{/,null,UNAVAILABLE}
INFO  [2020-02-11 18:26:14,086] org.eclipse.jetty.server.handler.ContextHandler: Stopped i.d.j.MutableServletContextHandler@4fea840f{/,null,UNAVAILABLE}
INFO  [2020-02-11 18:26:17,248] io.dropwizard.server.DefaultServerFactory: Registering jersey handler with root path prefix: /
INFO  [2020-02-11 18:26:17,251] io.dropwizard.server.DefaultServerFactory: Registering admin handler with root path prefix: /
INFO  [2020-02-11 18:26:17,443] org.ehcache.core.EhcacheManager: Cache 'movieListCache' created in EhcacheManager.
INFO  [2020-02-11 18:26:17,446] org.ehcache.core.EhcacheManager: Cache 'movieDetailsCache' created in EhcacheManager.
INFO  [2020-02-11 18:26:17,513] io.dropwizard.server.ServerFactory: Starting APIApplication
INFO  [2020-02-11 18:26:17,597] org.eclipse.jetty.setuid.SetUIDListener: Opened application@310aee0b{HTTP/1.1,[http/1.1]}{0.0.0.0:8080}
INFO  [2020-02-11 18:26:17,597] org.eclipse.jetty.setuid.SetUIDListener: Opened admin@36327cec{HTTP/1.1,[http/1.1]}{0.0.0.0:8081}
INFO  [2020-02-11 18:26:17,599] org.eclipse.jetty.server.Server: jetty-9.4.24.v20191120; built: 2019-11-20T21:37:49.771Z; git: 363d5f2df3a8a28de40604320230664b9c793c16; jvm 1.8.0_232-b09
INFO  [2020-02-11 18:26:18,144] io.dropwizard.jersey.DropwizardResourceConfig: The following paths were found for the configured resources:

    GET     /api/movie/{id} (resources.MovieController)
    GET     /api/movies (resources.MovieController)

WARN  [2020-02-11 18:26:18,145] org.glassfish.jersey.internal.Errors: The following warnings have been detected: WARNING: A HTTP GET method, public javax.ws.rs.core.Response resources.MovieController.getMovies(models.MovieAPIRequest), should not consume any entity.

INFO  [2020-02-11 18:26:18,146] org.eclipse.jetty.server.handler.ContextHandler: Started i.d.j.MutableServletContextHandler@2726a511{/,null,AVAILABLE}
INFO  [2020-02-11 18:26:18,150] io.dropwizard.setup.AdminEnvironment: tasks = 

    POST    /tasks/log-level (io.dropwizard.servlets.tasks.LogConfigurationTask)
    POST    /tasks/gc (io.dropwizard.servlets.tasks.GarbageCollectionTask)

INFO  [2020-02-11 18:26:18,156] org.eclipse.jetty.server.handler.ContextHandler: Started i.d.j.MutableServletContextHandler@7a64cb0c{/,null,AVAILABLE}
INFO  [2020-02-11 18:26:18,179] org.eclipse.jetty.server.AbstractConnector: Started application@310aee0b{HTTP/1.1,[http/1.1]}{0.0.0.0:8080}
INFO  [2020-02-11 18:26:18,180] org.eclipse.jetty.server.AbstractConnector: Started admin@36327cec{HTTP/1.1,[http/1.1]}{0.0.0.0:8081}
INFO  [2020-02-11 18:26:18,180] org.eclipse.jetty.server.Server: Started @2555ms
INFO  [2020-02-11 18:26:18,867] org.eclipse.jetty.util.TypeUtil: JVM Runtime does not support Modules
INFO  [2020-02-11 18:27:39,470] org.eclipse.jetty.server.AbstractConnector: Stopped application@310aee0b{HTTP/1.1,[http/1.1]}{0.0.0.0:8080}
INFO  [2020-02-11 18:27:39,470] org.eclipse.jetty.server.AbstractConnector: Stopped admin@36327cec{HTTP/1.1,[http/1.1]}{0.0.0.0:8081}
INFO  [2020-02-11 18:27:39,472] org.eclipse.jetty.server.handler.ContextHandler: Stopped i.d.j.MutableServletContextHandler@7a64cb0c{/,null,UNAVAILABLE}
INFO  [2020-02-11 18:27:39,476] org.eclipse.jetty.server.handler.ContextHandler: Stopped i.d.j.MutableServletContextHandler@2726a511{/,null,UNAVAILABLE}
INFO  [2020-02-11 18:27:43,505] io.dropwizard.server.DefaultServerFactory: Registering jersey handler with root path prefix: /
INFO  [2020-02-11 18:27:43,508] io.dropwizard.server.DefaultServerFactory: Registering admin handler with root path prefix: /
INFO  [2020-02-11 18:27:43,701] org.ehcache.core.EhcacheManager: Cache 'movieListCache' created in EhcacheManager.
INFO  [2020-02-11 18:27:43,704] org.ehcache.core.EhcacheManager: Cache 'movieDetailsCache' created in EhcacheManager.
INFO  [2020-02-11 18:27:43,772] io.dropwizard.server.ServerFactory: Starting APIApplication
INFO  [2020-02-11 18:27:43,860] org.eclipse.jetty.setuid.SetUIDListener: Opened application@770beef5{HTTP/1.1,[http/1.1]}{0.0.0.0:8080}
INFO  [2020-02-11 18:27:43,861] org.eclipse.jetty.setuid.SetUIDListener: Opened admin@6dd1f638{HTTP/1.1,[http/1.1]}{0.0.0.0:8081}
INFO  [2020-02-11 18:27:43,862] org.eclipse.jetty.server.Server: jetty-9.4.24.v20191120; built: 2019-11-20T21:37:49.771Z; git: 363d5f2df3a8a28de40604320230664b9c793c16; jvm 1.8.0_232-b09
INFO  [2020-02-11 18:27:44,435] io.dropwizard.jersey.DropwizardResourceConfig: The following paths were found for the configured resources:

    GET     /api/movie/{id} (resources.MovieController)
    GET     /api/movies (resources.MovieController)

WARN  [2020-02-11 18:27:44,436] org.glassfish.jersey.internal.Errors: The following warnings have been detected: WARNING: A HTTP GET method, public javax.ws.rs.core.Response resources.MovieController.getMovies(models.MovieAPIRequest), should not consume any entity.

INFO  [2020-02-11 18:27:44,438] org.eclipse.jetty.server.handler.ContextHandler: Started i.d.j.MutableServletContextHandler@73e4387{/,null,AVAILABLE}
INFO  [2020-02-11 18:27:44,442] io.dropwizard.setup.AdminEnvironment: tasks = 

    POST    /tasks/log-level (io.dropwizard.servlets.tasks.LogConfigurationTask)
    POST    /tasks/gc (io.dropwizard.servlets.tasks.GarbageCollectionTask)

INFO  [2020-02-11 18:27:44,448] org.eclipse.jetty.server.handler.ContextHandler: Started i.d.j.MutableServletContextHandler@4652c74d{/,null,AVAILABLE}
INFO  [2020-02-11 18:27:44,469] org.eclipse.jetty.server.AbstractConnector: Started application@770beef5{HTTP/1.1,[http/1.1]}{0.0.0.0:8080}
INFO  [2020-02-11 18:27:44,470] org.eclipse.jetty.server.AbstractConnector: Started admin@6dd1f638{HTTP/1.1,[http/1.1]}{0.0.0.0:8081}
INFO  [2020-02-11 18:27:44,471] org.eclipse.jetty.server.Server: Started @2521ms
INFO  [2020-02-11 18:27:44,944] org.eclipse.jetty.util.TypeUtil: JVM Runtime does not support Modules
WARN  [2020-02-11 18:29:02,697] org.eclipse.jetty.server.AbstractConnector: 
! java.io.IOException: Thread signal failed
! at sun.nio.ch.NativeThread.signal(Native Method)
! at sun.nio.ch.ServerSocketChannelImpl.implCloseSelectableChannel(ServerSocketChannelImpl.java:292)
! at java.nio.channels.spi.AbstractSelectableChannel.implCloseChannel(AbstractSelectableChannel.java:234)
! at java.nio.channels.spi.AbstractInterruptibleChannel.close(AbstractInterruptibleChannel.java:115)
! at org.eclipse.jetty.server.ServerConnector.close(ServerConnector.java:368)
! at org.eclipse.jetty.server.AbstractNetworkConnector.shutdown(AbstractNetworkConnector.java:104)
! at org.eclipse.jetty.server.Server.doStop(Server.java:428)
! at org.eclipse.jetty.util.component.AbstractLifeCycle.stop(AbstractLifeCycle.java:93)
! at org.eclipse.jetty.util.thread.ShutdownThread.run(ShutdownThread.java:127)
INFO  [2020-02-11 18:29:02,702] org.eclipse.jetty.server.AbstractConnector: Stopped application@770beef5{HTTP/1.1,[http/1.1]}{0.0.0.0:8080}
INFO  [2020-02-11 18:29:02,703] org.eclipse.jetty.server.AbstractConnector: Stopped admin@6dd1f638{HTTP/1.1,[http/1.1]}{0.0.0.0:8081}
INFO  [2020-02-11 18:29:02,704] org.eclipse.jetty.server.handler.ContextHandler: Stopped i.d.j.MutableServletContextHandler@4652c74d{/,null,UNAVAILABLE}
INFO  [2020-02-11 18:29:02,708] org.eclipse.jetty.server.handler.ContextHandler: Stopped i.d.j.MutableServletContextHandler@73e4387{/,null,UNAVAILABLE}
INFO  [2020-02-11 18:29:05,341] io.dropwizard.server.DefaultServerFactory: Registering jersey handler with root path prefix: /
INFO  [2020-02-11 18:29:05,344] io.dropwizard.server.DefaultServerFactory: Registering admin handler with root path prefix: /
INFO  [2020-02-11 18:29:05,544] org.ehcache.core.EhcacheManager: Cache 'movieListCache' created in EhcacheManager.
INFO  [2020-02-11 18:29:05,548] org.ehcache.core.EhcacheManager: Cache 'movieDetailsCache' created in EhcacheManager.
INFO  [2020-02-11 18:29:05,619] io.dropwizard.server.ServerFactory: Starting APIApplication
INFO  [2020-02-11 18:29:05,710] org.eclipse.jetty.setuid.SetUIDListener: Opened application@6dd1f638{HTTP/1.1,[http/1.1]}{127.0.0.1:8080}
INFO  [2020-02-11 18:29:05,710] org.eclipse.jetty.setuid.SetUIDListener: Opened admin@414f13fc{HTTP/1.1,[http/1.1]}{0.0.0.0:8081}
INFO  [2020-02-11 18:29:05,712] org.eclipse.jetty.server.Server: jetty-9.4.24.v20191120; built: 2019-11-20T21:37:49.771Z; git: 363d5f2df3a8a28de40604320230664b9c793c16; jvm 1.8.0_232-b09
INFO  [2020-02-11 18:29:06,407] io.dropwizard.jersey.DropwizardResourceConfig: The following paths were found for the configured resources:

    GET     /api/movie/{id} (resources.MovieController)
    GET     /api/movies (resources.MovieController)

WARN  [2020-02-11 18:29:06,415] org.glassfish.jersey.internal.Errors: The following warnings have been detected: WARNING: A HTTP GET method, public javax.ws.rs.core.Response resources.MovieController.getMovies(models.MovieAPIRequest), should not consume any entity.

INFO  [2020-02-11 18:29:06,416] org.eclipse.jetty.server.handler.ContextHandler: Started i.d.j.MutableServletContextHandler@1eb85a47{/,null,AVAILABLE}
INFO  [2020-02-11 18:29:06,421] io.dropwizard.setup.AdminEnvironment: tasks = 

    POST    /tasks/log-level (io.dropwizard.servlets.tasks.LogConfigurationTask)
    POST    /tasks/gc (io.dropwizard.servlets.tasks.GarbageCollectionTask)

INFO  [2020-02-11 18:29:06,428] org.eclipse.jetty.server.handler.ContextHandler: Started i.d.j.MutableServletContextHandler@66713605{/,null,AVAILABLE}
INFO  [2020-02-11 18:29:06,439] org.eclipse.jetty.server.AbstractConnector: Started application@6dd1f638{HTTP/1.1,[http/1.1]}{127.0.0.1:8080}
INFO  [2020-02-11 18:29:06,440] org.eclipse.jetty.server.AbstractConnector: Started admin@414f13fc{HTTP/1.1,[http/1.1]}{0.0.0.0:8081}
INFO  [2020-02-11 18:29:06,440] org.eclipse.jetty.server.Server: Started @2648ms
INFO  [2020-02-11 18:29:08,416] org.eclipse.jetty.util.TypeUtil: JVM Runtime does not support Modules
INFO  [2020-02-11 18:31:57,819] org.eclipse.jetty.server.AbstractConnector: Stopped application@6dd1f638{HTTP/1.1,[http/1.1]}{127.0.0.1:8080}
INFO  [2020-02-11 18:31:57,819] org.eclipse.jetty.server.AbstractConnector: Stopped admin@414f13fc{HTTP/1.1,[http/1.1]}{0.0.0.0:8081}
INFO  [2020-02-11 18:31:57,821] org.eclipse.jetty.server.handler.ContextHandler: Stopped i.d.j.MutableServletContextHandler@66713605{/,null,UNAVAILABLE}
INFO  [2020-02-11 18:31:57,825] org.eclipse.jetty.server.handler.ContextHandler: Stopped i.d.j.MutableServletContextHandler@1eb85a47{/,null,UNAVAILABLE}
INFO  [2020-02-11 18:39:05,811] io.dropwizard.server.DefaultServerFactory: Registering jersey handler with root path prefix: /
INFO  [2020-02-11 18:39:05,814] io.dropwizard.server.DefaultServerFactory: Registering admin handler with root path prefix: /
INFO  [2020-02-11 18:39:06,044] org.ehcache.core.EhcacheManager: Cache 'movieListCache' created in EhcacheManager.
INFO  [2020-02-11 18:39:06,049] org.ehcache.core.EhcacheManager: Cache 'movieDetailsCache' created in EhcacheManager.
INFO  [2020-02-11 18:39:06,130] io.dropwizard.server.ServerFactory: Starting APIApplication
INFO  [2020-02-11 18:39:06,249] org.eclipse.jetty.setuid.SetUIDListener: Opened application@869d87c{HTTP/1.1,[http/1.1]}{127.0.0.1:8080}
INFO  [2020-02-11 18:39:06,249] org.eclipse.jetty.setuid.SetUIDListener: Opened admin@2f3166a{HTTP/1.1,[http/1.1]}{0.0.0.0:8081}
INFO  [2020-02-11 18:39:06,251] org.eclipse.jetty.server.Server: jetty-9.4.24.v20191120; built: 2019-11-20T21:37:49.771Z; git: 363d5f2df3a8a28de40604320230664b9c793c16; jvm 1.8.0_232-b09
INFO  [2020-02-11 18:39:06,937] io.dropwizard.jersey.DropwizardResourceConfig: The following paths were found for the configured resources:

    GET     /api/movie/{id} (resources.MovieController)
    GET     /api/movies (resources.MovieController)

WARN  [2020-02-11 18:39:06,942] org.glassfish.jersey.internal.Errors: The following warnings have been detected: WARNING: A HTTP GET method, public javax.ws.rs.core.Response resources.MovieController.getMovies(models.MovieAPIRequest), should not consume any entity.

INFO  [2020-02-11 18:39:06,943] org.eclipse.jetty.server.handler.ContextHandler: Started i.d.j.MutableServletContextHandler@1eb85a47{/,null,AVAILABLE}
INFO  [2020-02-11 18:39:06,948] io.dropwizard.setup.AdminEnvironment: tasks = 

    POST    /tasks/log-level (io.dropwizard.servlets.tasks.LogConfigurationTask)
    POST    /tasks/gc (io.dropwizard.servlets.tasks.GarbageCollectionTask)

INFO  [2020-02-11 18:39:06,954] org.eclipse.jetty.server.handler.ContextHandler: Started i.d.j.MutableServletContextHandler@66713605{/,null,AVAILABLE}
INFO  [2020-02-11 18:39:06,963] org.eclipse.jetty.server.AbstractConnector: Started application@869d87c{HTTP/1.1,[http/1.1]}{127.0.0.1:8080}
INFO  [2020-02-11 18:39:06,965] org.eclipse.jetty.server.AbstractConnector: Started admin@2f3166a{HTTP/1.1,[http/1.1]}{0.0.0.0:8081}
INFO  [2020-02-11 18:39:06,965] org.eclipse.jetty.server.Server: Started @2815ms
INFO  [2020-02-11 18:39:18,866] org.eclipse.jetty.util.TypeUtil: JVM Runtime does not support Modules
INFO  [2020-02-11 18:48:00,038] org.eclipse.jetty.server.AbstractConnector: Stopped application@869d87c{HTTP/1.1,[http/1.1]}{127.0.0.1:8080}
INFO  [2020-02-11 18:48:00,039] org.eclipse.jetty.server.AbstractConnector: Stopped admin@2f3166a{HTTP/1.1,[http/1.1]}{0.0.0.0:8081}
INFO  [2020-02-11 18:48:00,040] org.eclipse.jetty.server.handler.ContextHandler: Stopped i.d.j.MutableServletContextHandler@66713605{/,null,UNAVAILABLE}
INFO  [2020-02-11 18:48:00,045] org.eclipse.jetty.server.handler.ContextHandler: Stopped i.d.j.MutableServletContextHandler@1eb85a47{/,null,UNAVAILABLE}
INFO  [2020-02-11 18:48:04,304] io.dropwizard.server.DefaultServerFactory: Registering jersey handler with root path prefix: /
INFO  [2020-02-11 18:48:04,307] io.dropwizard.server.DefaultServerFactory: Registering admin handler with root path prefix: /
INFO  [2020-02-11 19:32:40,502] io.dropwizard.server.DefaultServerFactory: Registering jersey handler with root path prefix: /
INFO  [2020-02-11 19:32:40,506] io.dropwizard.server.DefaultServerFactory: Registering admin handler with root path prefix: /
INFO  [2020-02-11 19:33:20,596] io.dropwizard.server.DefaultServerFactory: Registering jersey handler with root path prefix: /
INFO  [2020-02-11 19:33:20,599] io.dropwizard.server.DefaultServerFactory: Registering admin handler with root path prefix: /
INFO  [2020-02-11 19:33:20,797] org.ehcache.core.EhcacheManager: Cache 'movieListCache' created in EhcacheManager.
INFO  [2020-02-11 19:33:20,801] org.ehcache.core.EhcacheManager: Cache 'movieDetailsCache' created in EhcacheManager.
INFO  [2020-02-11 19:33:20,890] io.dropwizard.server.ServerFactory: Starting APIApplication
INFO  [2020-02-11 19:33:20,971] org.eclipse.jetty.setuid.SetUIDListener: Opened application@6dd1f638{HTTP/1.1,[http/1.1]}{127.0.0.1:8080}
INFO  [2020-02-11 19:33:20,971] org.eclipse.jetty.setuid.SetUIDListener: Opened admin@414f13fc{HTTP/1.1,[http/1.1]}{0.0.0.0:8081}
INFO  [2020-02-11 19:33:20,973] org.eclipse.jetty.server.Server: jetty-9.4.24.v20191120; built: 2019-11-20T21:37:49.771Z; git: 363d5f2df3a8a28de40604320230664b9c793c16; jvm 1.8.0_232-b09
INFO  [2020-02-11 19:33:21,514] io.dropwizard.jersey.DropwizardResourceConfig: The following paths were found for the configured resources:

    GET     /api/movie/{id} (resources.MovieController)
    GET     /api/movies (resources.MovieController)

WARN  [2020-02-11 19:33:21,515] org.glassfish.jersey.internal.Errors: The following warnings have been detected: WARNING: A HTTP GET method, public javax.ws.rs.core.Response resources.MovieController.getMovies(models.MovieAPIRequest), should not consume any entity.

INFO  [2020-02-11 19:33:21,516] org.eclipse.jetty.server.handler.ContextHandler: Started i.d.j.MutableServletContextHandler@5bb8e6fc{/,null,AVAILABLE}
INFO  [2020-02-11 19:33:21,520] io.dropwizard.setup.AdminEnvironment: tasks = 

    POST    /tasks/log-level (io.dropwizard.servlets.tasks.LogConfigurationTask)
    POST    /tasks/gc (io.dropwizard.servlets.tasks.GarbageCollectionTask)

INFO  [2020-02-11 19:33:21,538] org.eclipse.jetty.server.handler.ContextHandler: Started i.d.j.MutableServletContextHandler@1c7f9861{/,null,AVAILABLE}
INFO  [2020-02-11 19:33:21,547] org.eclipse.jetty.server.AbstractConnector: Started application@6dd1f638{HTTP/1.1,[http/1.1]}{127.0.0.1:8080}
INFO  [2020-02-11 19:33:21,549] org.eclipse.jetty.server.AbstractConnector: Started admin@414f13fc{HTTP/1.1,[http/1.1]}{0.0.0.0:8081}
INFO  [2020-02-11 19:33:21,549] org.eclipse.jetty.server.Server: Started @2398ms
INFO  [2020-02-11 19:33:32,944] org.eclipse.jetty.util.TypeUtil: JVM Runtime does not support Modules
INFO  [2020-02-11 19:34:39,245] org.eclipse.jetty.server.AbstractConnector: Stopped application@6dd1f638{HTTP/1.1,[http/1.1]}{127.0.0.1:8080}
INFO  [2020-02-11 19:34:39,246] org.eclipse.jetty.server.AbstractConnector: Stopped admin@414f13fc{HTTP/1.1,[http/1.1]}{0.0.0.0:8081}
INFO  [2020-02-11 19:34:39,247] org.eclipse.jetty.server.handler.ContextHandler: Stopped i.d.j.MutableServletContextHandler@1c7f9861{/,null,UNAVAILABLE}
INFO  [2020-02-11 19:34:39,251] org.eclipse.jetty.server.handler.ContextHandler: Stopped i.d.j.MutableServletContextHandler@5bb8e6fc{/,null,UNAVAILABLE}
INFO  [2020-02-11 19:34:39,252] org.ehcache.core.EhcacheManager: Cache 'movieListCache' removed from EhcacheManager.
INFO  [2020-02-11 19:34:39,252] org.ehcache.core.EhcacheManager: Cache 'movieDetailsCache' removed from EhcacheManager.
INFO  [2020-02-11 19:34:42,250] io.dropwizard.server.DefaultServerFactory: Registering jersey handler with root path prefix: /
INFO  [2020-02-11 19:34:42,253] io.dropwizard.server.DefaultServerFactory: Registering admin handler with root path prefix: /
INFO  [2020-02-11 19:34:42,466] org.ehcache.core.EhcacheManager: Cache 'movieListCache' created in EhcacheManager.
INFO  [2020-02-11 19:34:42,471] org.ehcache.core.EhcacheManager: Cache 'movieDetailsCache' created in EhcacheManager.
INFO  [2020-02-11 19:34:42,553] io.dropwizard.server.ServerFactory: Starting APIApplication
INFO  [2020-02-11 19:34:42,653] org.eclipse.jetty.setuid.SetUIDListener: Opened application@14f40030{HTTP/1.1,[http/1.1]}{127.0.0.1:8080}
INFO  [2020-02-11 19:34:42,653] org.eclipse.jetty.setuid.SetUIDListener: Opened admin@4c447c09{HTTP/1.1,[http/1.1]}{0.0.0.0:8081}
INFO  [2020-02-11 19:34:42,655] org.eclipse.jetty.server.Server: jetty-9.4.24.v20191120; built: 2019-11-20T21:37:49.771Z; git: 363d5f2df3a8a28de40604320230664b9c793c16; jvm 1.8.0_232-b09
INFO  [2020-02-11 19:34:43,269] io.dropwizard.jersey.DropwizardResourceConfig: The following paths were found for the configured resources:

    GET     /api/movie/{id} (resources.MovieController)
    GET     /api/movies (resources.MovieController)

WARN  [2020-02-11 19:34:43,276] org.glassfish.jersey.internal.Errors: The following warnings have been detected: WARNING: A HTTP GET method, public javax.ws.rs.core.Response resources.MovieController.getMovies(models.MovieAPIRequest), should not consume any entity.

INFO  [2020-02-11 19:34:43,277] org.eclipse.jetty.server.handler.ContextHandler: Started i.d.j.MutableServletContextHandler@3de79067{/,null,AVAILABLE}
INFO  [2020-02-11 19:34:43,281] io.dropwizard.setup.AdminEnvironment: tasks = 

    POST    /tasks/log-level (io.dropwizard.servlets.tasks.LogConfigurationTask)
    POST    /tasks/gc (io.dropwizard.servlets.tasks.GarbageCollectionTask)

INFO  [2020-02-11 19:34:43,286] org.eclipse.jetty.server.handler.ContextHandler: Started i.d.j.MutableServletContextHandler@374ccb9{/,null,AVAILABLE}
INFO  [2020-02-11 19:34:43,296] org.eclipse.jetty.server.AbstractConnector: Started application@14f40030{HTTP/1.1,[http/1.1]}{127.0.0.1:8080}
INFO  [2020-02-11 19:34:43,297] org.eclipse.jetty.server.AbstractConnector: Started admin@4c447c09{HTTP/1.1,[http/1.1]}{0.0.0.0:8081}
INFO  [2020-02-11 19:34:43,297] org.eclipse.jetty.server.Server: Started @2478ms
INFO  [2020-02-11 19:34:54,454] org.eclipse.jetty.util.TypeUtil: JVM Runtime does not support Modules
